
  .   ____          _            __ _ _
 /\\ / ___'_ __ _ _(_)_ __  __ _ \ \ \ \
( ( )\___ | '_ | '_| | '_ \/ _` | \ \ \ \
 \\/  ___)| |_)| | | | | || (_| |  ) ) ) )
  '  |____| .__|_| |_|_| |_\__, | / / / /
 =========|_|==============|___/=/_/_/_/

 :: Spring Boot ::               (v3.5.14)

2026-06-04T16:59:04.723-03:00  INFO 9740 --- [           main] c.c.b.ConectarSjBackendApplication       : Starting ConectarSjBackendApplication v0.0.1-SNAPSHOT using Java 24.0.1 with PID 9740 (C:\Users\jesia\OneDrive\Desktop\PROYECTO FINAL\ConectarSanJose\backend\target\backend-0.0.1-SNAPSHOT.jar started by jesia in C:\Users\jesia\OneDrive\Desktop\PROYECTO FINAL\ConectarSanJose\backend)
2026-06-04T16:59:04.726-03:00  INFO 9740 --- [           main] c.c.b.ConectarSjBackendApplication       : No active profile set, falling back to 1 default profile: "default"
2026-06-04T16:59:05.556-03:00  INFO 9740 --- [           main] .s.d.r.c.RepositoryConfigurationDelegate : Bootstrapping Spring Data JPA repositories in DEFAULT mode.
2026-06-04T16:59:05.622-03:00  INFO 9740 --- [           main] .s.d.r.c.RepositoryConfigurationDelegate : Finished Spring Data repository scanning in 58 ms. Found 6 JPA repository interfaces.
2026-06-04T16:59:06.422-03:00  INFO 9740 --- [           main] o.s.b.w.embedded.tomcat.TomcatWebServer  : Tomcat initialized with port 8080 (http)
2026-06-04T16:59:06.436-03:00  INFO 9740 --- [           main] o.apache.catalina.core.StandardService   : Starting service [Tomcat]
2026-06-04T16:59:06.436-03:00  INFO 9740 --- [           main] o.apache.catalina.core.StandardEngine    : Starting Servlet engine: [Apache Tomcat/10.1.54]
2026-06-04T16:59:06.463-03:00  INFO 9740 --- [           main] o.a.c.c.C.[Tomcat].[localhost].[/]       : Initializing Spring embedded WebApplicationContext
2026-06-04T16:59:06.464-03:00  INFO 9740 --- [           main] w.s.c.ServletWebServerApplicationContext : Root WebApplicationContext: initialization completed in 1646 ms
2026-06-04T16:59:06.637-03:00  INFO 9740 --- [           main] o.hibernate.jpa.internal.util.LogHelper  : HHH000204: Processing PersistenceUnitInfo [name: default]
2026-06-04T16:59:06.719-03:00  INFO 9740 --- [           main] org.hibernate.Version                    : HHH000412: Hibernate ORM core version 6.6.49.Final
2026-06-04T16:59:06.774-03:00  INFO 9740 --- [           main] o.h.c.internal.RegionFactoryInitiator    : HHH000026: Second-level cache disabled
2026-06-04T16:59:07.208-03:00  INFO 9740 --- [           main] o.s.o.j.p.SpringPersistenceUnitInfo      : No LoadTimeWeaver setup: ignoring JPA class transformer
2026-06-04T16:59:07.239-03:00  INFO 9740 --- [           main] com.zaxxer.hikari.HikariDataSource       : HikariPool-1 - Starting...
2026-06-04T16:59:09.668-03:00  INFO 9740 --- [           main] com.zaxxer.hikari.pool.HikariPool        : HikariPool-1 - Added connection org.postgresql.jdbc.PgConnection@1aeff8ca
2026-06-04T16:59:09.669-03:00  INFO 9740 --- [           main] com.zaxxer.hikari.HikariDataSource       : HikariPool-1 - Start completed.
2026-06-04T16:59:09.882-03:00  WARN 9740 --- [           main] org.hibernate.orm.deprecation            : HHH90000025: PostgreSQLDialect does not need to be specified explicitly using 'hibernate.dialect' (remove the property setting and it will be selected by default)
2026-06-04T16:59:10.491-03:00  INFO 9740 --- [           main] org.hibernate.orm.connections.pooling    : HHH10001005: Database info:
	Database JDBC URL [Connecting through datasource 'HikariDataSource (HikariPool-1)']
	Database driver: undefined/unknown
	Database version: 17.6
	Autocommit mode: undefined/unknown
	Isolation level: undefined/unknown
	Minimum pool size: undefined/unknown
	Maximum pool size: undefined/unknown
2026-06-04T16:59:11.306-03:00  INFO 9740 --- [           main] o.h.e.t.j.p.i.JtaPlatformInitiator       : HHH000489: No JTA platform available (set 'hibernate.transaction.jta.platform' to enable JTA platform integration)
2026-06-04T16:59:18.634-03:00  INFO 9740 --- [           main] j.LocalContainerEntityManagerFactoryBean : Initialized JPA EntityManagerFactory for persistence unit 'default'
2026-06-04T16:59:19.052-03:00  INFO 9740 --- [           main] o.s.d.j.r.query.QueryEnhancerFactory     : Hibernate is in classpath; If applicable, HQL parser will be used.
2026-06-04T16:59:19.570-03:00  INFO 9740 --- [           main] eAuthenticationProviderManagerConfigurer : Global AuthenticationManager configured with AuthenticationProvider bean with name authenticationProvider
2026-06-04T16:59:19.576-03:00  WARN 9740 --- [           main] r$InitializeUserDetailsManagerConfigurer : Global AuthenticationManager configured with an AuthenticationProvider bean. UserDetailsService beans will not be used by Spring Security for automatically configuring username/password login. Consider removing the AuthenticationProvider bean. Alternatively, consider using the UserDetailsService in a manually instantiated DaoAuthenticationProvider. If the current configuration is intentional, to turn off this warning, increase the logging level of 'org.springframework.security.config.annotation.authentication.configuration.InitializeUserDetailsBeanManagerConfigurer' to ERROR
2026-06-04T16:59:19.916-03:00  WARN 9740 --- [           main] JpaBaseConfiguration$JpaWebConfiguration : spring.jpa.open-in-view is enabled by default. Therefore, database queries may be performed during view rendering. Explicitly configure spring.jpa.open-in-view to disable this warning
2026-06-04T16:59:20.780-03:00  INFO 9740 --- [           main] o.s.b.w.embedded.tomcat.TomcatWebServer  : Tomcat started on port 8080 (http) with context path '/'
2026-06-04T16:59:20.791-03:00  INFO 9740 --- [           main] c.c.b.ConectarSjBackendApplication       : Started ConectarSjBackendApplication in 16.569 seconds (process running for 17.158)
Hibernate: 
    select
        a1_0.id,
        a1_0.email,
        a1_0.password_hash,
        a1_0.token_expiracion,
        a1_0.token_recuperacion 
    from
        administrador a1_0 
    where
        a1_0.email=?
Hibernate: 
    select
        a1_0.id,
        a1_0.email,
        a1_0.password_hash,
        a1_0.token_expiracion,
        a1_0.token_recuperacion 
    from
        administrador a1_0 
    where
        a1_0.email=?
Hibernate: 
    DELETE 
    FROM
        contacto_telefonos
Hibernate: 
    DELETE 
    FROM
        contactos_emergencia
Hibernate: 
    insert 
    into
        contactos_emergencia
        (categoria, descripcion, icono, nombre_institucion, orden_prioridad) 
    values
        (?, ?, ?, ?, ?)
Hibernate: 
    insert 
    into
        contactos_emergencia
        (categoria, descripcion, icono, nombre_institucion, orden_prioridad) 
    values
        (?, ?, ?, ?, ?)
Hibernate: 
    insert 
    into
        contactos_emergencia
        (categoria, descripcion, icono, nombre_institucion, orden_prioridad) 
    values
        (?, ?, ?, ?, ?)
Hibernate: 
    insert 
    into
        contactos_emergencia
        (categoria, descripcion, icono, nombre_institucion, orden_prioridad) 
    values
        (?, ?, ?, ?, ?)
Hibernate: 
    insert 
    into
        contactos_emergencia
        (categoria, descripcion, icono, nombre_institucion, orden_prioridad) 
    values
        (?, ?, ?, ?, ?)
Hibernate: 
    insert 
    into
        contactos_emergencia
        (categoria, descripcion, icono, nombre_institucion, orden_prioridad) 
    values
        (?, ?, ?, ?, ?)
Hibernate: 
    insert 
    into
        contactos_emergencia
        (categoria, descripcion, icono, nombre_institucion, orden_prioridad) 
    values
        (?, ?, ?, ?, ?)
Hibernate: 
    insert 
    into
        contactos_emergencia
        (categoria, descripcion, icono, nombre_institucion, orden_prioridad) 
    values
        (?, ?, ?, ?, ?)
Hibernate: 
    insert 
    into
        contacto_telefonos
        (contacto_id, es_whatsapp, etiqueta, numero) 
    values
        (?, ?, ?, ?)
Hibernate: 
    insert 
    into
        contacto_telefonos
        (contacto_id, es_whatsapp, etiqueta, numero) 
    values
        (?, ?, ?, ?)
Hibernate: 
    insert 
    into
        contacto_telefonos
        (contacto_id, es_whatsapp, etiqueta, numero) 
    values
        (?, ?, ?, ?)
Hibernate: 
    insert 
    into
        contacto_telefonos
        (contacto_id, es_whatsapp, etiqueta, numero) 
    values
        (?, ?, ?, ?)
Hibernate: 
    insert 
    into
        contacto_telefonos
        (contacto_id, es_whatsapp, etiqueta, numero) 
    values
        (?, ?, ?, ?)
Hibernate: 
    insert 
    into
        contacto_telefonos
        (contacto_id, es_whatsapp, etiqueta, numero) 
    values
        (?, ?, ?, ?)
Hibernate: 
    insert 
    into
        contacto_telefonos
        (contacto_id, es_whatsapp, etiqueta, numero) 
    values
        (?, ?, ?, ?)
Hibernate: 
    insert 
    into
        contacto_telefonos
        (contacto_id, es_whatsapp, etiqueta, numero) 
    values
        (?, ?, ?, ?)
Hibernate: 
    insert 
    into
        contacto_telefonos
        (contacto_id, es_whatsapp, etiqueta, numero) 
    values
        (?, ?, ?, ?)
Hibernate: 
    insert 
    into
        contacto_telefonos
        (contacto_id, es_whatsapp, etiqueta, numero) 
    values
        (?, ?, ?, ?)
Hibernate: 
    insert 
    into
        contacto_telefonos
        (contacto_id, es_whatsapp, etiqueta, numero) 
    values
        (?, ?, ?, ?)
Hibernate: 
    insert 
    into
        contacto_telefonos
        (contacto_id, es_whatsapp, etiqueta, numero) 
    values
        (?, ?, ?, ?)
Hibernate: 
    insert 
    into
        contacto_telefonos
        (contacto_id, es_whatsapp, etiqueta, numero) 
    values
        (?, ?, ?, ?)
